#
# There is insufficient memory for the Java Runtime Environment to continue.
# Native memory allocation (malloc) failed to allocate 340176 bytes for Chunk::new
# Possible reasons:
#   The system is out of physical RAM or swap space
#   The process is running with CompressedOops enabled, and the Java Heap may be blocking the growth of the native heap
# Possible solutions:
#   Reduce memory load on the system
#   Increase physical memory or swap space
#   Check if swap backing store is full
#   Decrease Java heap size (-Xmx/-Xms)
#   Decrease number of Java threads
#   Decrease Java thread stack sizes (-Xss)
#   Set larger code cache with -XX:ReservedCodeCacheSize=
#   JVM is running with Zero Based Compressed Oops mode in which the Java heap is
#     placed in the first 32GB address space. The Java Heap base address is the
#     maximum limit for the native heap growth. Please use -XX:HeapBaseMinAddress
#     to set the Java Heap base and to place the Java Heap above 32GB virtual address.
# This output file may be truncated or incomplete.
#
#  Out of Memory Error (arena.cpp:189), pid=17980, tid=7464
#
# JRE version: OpenJDK Runtime Environment Temurin-17.0.7+7 (17.0.7+7) (build 17.0.7+7)
# Java VM: OpenJDK 64-Bit Server VM Temurin-17.0.7+7 (17.0.7+7, mixed mode, tiered, compressed oops, compressed class ptrs, g1 gc, windows-amd64)
# No core dump will be written. Minidumps are not enabled by default on client versions of Windows
#

---------------  S U M M A R Y ------------

Command Line: -Dfile.encoding=UTF-8 -XX:+ShowCodeDetailsInExceptionMessages com.ssn.practica.work.hibernate.HibernateDemo

Host: AMD Ryzen 7 4700U with Radeon Graphics         , 8 cores, 15G,  Windows 11 , 64 bit Build 22621 (10.0.22621.1778)
Time: Wed Jul 12 11:38:48 2023 GTB Daylight Time elapsed time: 0.848580 seconds (0d 0h 0m 0s)

---------------  T H R E A D  ---------------

Current thread (0x000001e85d991ca0):  JavaThread "C2 CompilerThread1" daemon [_thread_in_native, id=7464, stack(0x0000001395300000,0x0000001395400000)]


Current CompileTask:
C2:    848  914   !   4       java.util.zip.ZipFile::getEntry (59 bytes)

Stack: [0x0000001395300000,0x0000001395400000]
Native frames: (J=compiled Java code, j=interpreted, Vv=VM code, C=native code)
V  [jvm.dll+0x67754a]
V  [jvm.dll+0x834304]
V  [jvm.dll+0x835aae]
V  [jvm.dll+0x836113]
V  [jvm.dll+0x24696f]
V  [jvm.dll+0xac0ac]
V  [jvm.dll+0xac67c]
V  [jvm.dll+0x364de2]
V  [jvm.dll+0x32f6b1]
V  [jvm.dll+0x32eb5a]
V  [jvm.dll+0x219641]
V  [jvm.dll+0x218a61]
V  [jvm.dll+0x1a4d8d]
V  [jvm.dll+0x2284da]
V  [jvm.dll+0x226615]
V  [jvm.dll+0x7ea90b]
V  [jvm.dll+0x7e4e7a]
V  [jvm.dll+0x676395]
C  [ucrtbase.dll+0x29363]
C  [KERNEL32.DLL+0x126ad]
C  [ntdll.dll+0x5a9f8]


---------------  P R O C E S S  ---------------

Threads class SMR info:
_java_thread_list=0x000001e85d81b7a0, length=13, elements={
0x000001e83ef18610, 0x000001e85d5ff3d0, 0x000001e85d665490, 0x000001e85d6a5690,
0x000001e85d6a6040, 0x000001e85d6a69f0, 0x000001e85d6a73a0, 0x000001e85d6a8130,
0x000001e85d6b50f0, 0x000001e85d6b5ae0, 0x000001e85d8188f0, 0x000001e85d84c360,
0x000001e85d991ca0
}

Java Threads: ( => current thread )
  0x000001e83ef18610 JavaThread "main" [_thread_in_Java, id=1600, stack(0x0000001394000000,0x0000001394100000)]
  0x000001e85d5ff3d0 JavaThread "Reference Handler" daemon [_thread_blocked, id=14144, stack(0x0000001394700000,0x0000001394800000)]
  0x000001e85d665490 JavaThread "Finalizer" daemon [_thread_blocked, id=17804, stack(0x0000001394800000,0x0000001394900000)]
  0x000001e85d6a5690 JavaThread "Signal Dispatcher" daemon [_thread_blocked, id=14644, stack(0x0000001394900000,0x0000001394a00000)]
  0x000001e85d6a6040 JavaThread "Attach Listener" daemon [_thread_blocked, id=13476, stack(0x0000001394a00000,0x0000001394b00000)]
  0x000001e85d6a69f0 JavaThread "Service Thread" daemon [_thread_blocked, id=14504, stack(0x0000001394b00000,0x0000001394c00000)]
  0x000001e85d6a73a0 JavaThread "Monitor Deflation Thread" daemon [_thread_blocked, id=2908, stack(0x0000001394c00000,0x0000001394d00000)]
  0x000001e85d6a8130 JavaThread "C2 CompilerThread0" daemon [_thread_in_native, id=10192, stack(0x0000001394d00000,0x0000001394e00000)]
  0x000001e85d6b50f0 JavaThread "C1 CompilerThread0" daemon [_thread_blocked, id=9584, stack(0x0000001394e00000,0x0000001394f00000)]
  0x000001e85d6b5ae0 JavaThread "Sweeper thread" daemon [_thread_blocked, id=10516, stack(0x0000001394f00000,0x0000001395000000)]
  0x000001e85d8188f0 JavaThread "Notification Thread" daemon [_thread_blocked, id=19328, stack(0x0000001395000000,0x0000001395100000)]
  0x000001e85d84c360 JavaThread "Common-Cleaner" daemon [_thread_blocked, id=9988, stack(0x0000001395200000,0x0000001395300000)]
=>0x000001e85d991ca0 JavaThread "C2 CompilerThread1" daemon [_thread_in_native, id=7464, stack(0x0000001395300000,0x0000001395400000)]

Other Threads:
  0x000001e85d5fedc0 VMThread "VM Thread" [stack: 0x0000001394600000,0x0000001394700000] [id=1952]
  0x000001e85d83d1f0 WatcherThread [stack: 0x0000001395100000,0x0000001395200000] [id=6508]
  0x000001e83ef82a30 GCTaskThread "GC Thread#0" [stack: 0x0000001394100000,0x0000001394200000] [id=4552]
  0x000001e83ef93030 ConcurrentGCThread "G1 Main Marker" [stack: 0x0000001394200000,0x0000001394300000] [id=13692]
  0x000001e83ef95350 ConcurrentGCThread "G1 Conc#0" [stack: 0x0000001394300000,0x0000001394400000] [id=12688]
  0x000001e83efdda70 ConcurrentGCThread "G1 Refine#0" [stack: 0x0000001394400000,0x0000001394500000] [id=10992]
  0x000001e83efde230 ConcurrentGCThread "G1 Service" [stack: 0x0000001394500000,0x0000001394600000] [id=16268]

Threads with active compile tasks:
C2 CompilerThread0      873  932   !   4       java.util.zip.ZipFile$Source::getEntryPos (173 bytes)
C1 CompilerThread0      873  935       3       jdk.internal.reflect.ReflectionFactory::copyMethod (11 bytes)
C2 CompilerThread1      873  914   !   4       java.util.zip.ZipFile::getEntry (59 bytes)

VM state: not at safepoint (normal execution)

VM Mutex/Monitor currently owned by a thread:  ([mutex/lock_event])
[0x000001e83ef14770] MethodData_lock - owner thread: 0x0000000000000000

Heap address: 0x0000000709400000, size: 3948 MB, Compressed Oops mode: Zero based, Oop shift amount: 3

CDS archive(s) not mapped
Compressed class space mapped at: 0x0000000800000000-0x0000000840000000, reserved size: 1073741824
Narrow klass base: 0x0000000800000000, Narrow klass shift: 0, Narrow klass range: 0x40000000

GC Precious Log:
 CPUs: 8 total, 8 available
 Memory: 15791M
 Large Page Support: Disabled
 NUMA Support: Disabled
 Compressed Oops: Enabled (Zero based)
 Heap Region Size: 2M
 Heap Min Capacity: 8M
 Heap Initial Capacity: 248M
 Heap Max Capacity: 3948M
 Pre-touch: Disabled
 Parallel Workers: 8
 Concurrent Workers: 2
 Concurrent Refinement Workers: 8
 Periodic GC: Disabled

Heap:
 garbage-first heap   total 253952K, used 18432K [0x0000000709400000, 0x0000000800000000)
  region size 2048K, 10 young (20480K), 0 survivors (0K)
 Metaspace       used 14558K, committed 14784K, reserved 1114112K
  class space    used 1512K, committed 1600K, reserved 1048576K

Heap Regions: E=young(eden), S=young(survivor), O=old, HS=humongous(starts), HC=humongous(continues), CS=collection set, F=free, OA=open archive, CA=closed archive, TAMS=top-at-mark-start (previous, next)
|   0|0x0000000709400000, 0x0000000709400000, 0x0000000709600000|  0%| F|  |TAMS 0x0000000709400000, 0x0000000709400000| Untracked 
|   1|0x0000000709600000, 0x0000000709600000, 0x0000000709800000|  0%| F|  |TAMS 0x0000000709600000, 0x0000000709600000| Untracked 
|   2|0x0000000709800000, 0x0000000709800000, 0x0000000709a00000|  0%| F|  |TAMS 0x0000000709800000, 0x0000000709800000| Untracked 
|   3|0x0000000709a00000, 0x0000000709a00000, 0x0000000709c00000|  0%| F|  |TAMS 0x0000000709a00000, 0x0000000709a00000| Untracked 
|   4|0x0000000709c00000, 0x0000000709c00000, 0x0000000709e00000|  0%| F|  |TAMS 0x0000000709c00000, 0x0000000709c00000| Untracked 
|   5|0x0000000709e00000, 0x0000000709e00000, 0x000000070a000000|  0%| F|  |TAMS 0x0000000709e00000, 0x0000000709e00000| Untracked 
|   6|0x000000070a000000, 0x000000070a000000, 0x000000070a200000|  0%| F|  |TAMS 0x000000070a000000, 0x000000070a000000| Untracked 
|   7|0x000000070a200000, 0x000000070a200000, 0x000000070a400000|  0%| F|  |TAMS 0x000000070a200000, 0x000000070a200000| Untracked 
|   8|0x000000070a400000, 0x000000070a400000, 0x000000070a600000|  0%| F|  |TAMS 0x000000070a400000, 0x000000070a400000| Untracked 
|   9|0x000000070a600000, 0x000000070a600000, 0x000000070a800000|  0%| F|  |TAMS 0x000000070a600000, 0x000000070a600000| Untracked 
|  10|0x000000070a800000, 0x000000070a800000, 0x000000070aa00000|  0%| F|  |TAMS 0x000000070a800000, 0x000000070a800000| Untracked 
|  11|0x000000070aa00000, 0x000000070aa00000, 0x000000070ac00000|  0%| F|  |TAMS 0x000000070aa00000, 0x000000070aa00000| Untracked 
|  12|0x000000070ac00000, 0x000000070ac00000, 0x000000070ae00000|  0%| F|  |TAMS 0x000000070ac00000, 0x000000070ac00000| Untracked 
|  13|0x000000070ae00000, 0x000000070ae00000, 0x000000070b000000|  0%| F|  |TAMS 0x000000070ae00000, 0x000000070ae00000| Untracked 
|  14|0x000000070b000000, 0x000000070b000000, 0x000000070b200000|  0%| F|  |TAMS 0x000000070b000000, 0x000000070b000000| Untracked 
|  15|0x000000070b200000, 0x000000070b200000, 0x000000070b400000|  0%| F|  |TAMS 0x000000070b200000, 0x000000070b200000| Untracked 
|  16|0x000000070b400000, 0x000000070b400000, 0x000000070b600000|  0%| F|  |TAMS 0x000000070b400000, 0x000000070b400000| Untracked 
|  17|0x000000070b600000, 0x000000070b600000, 0x000000070b800000|  0%| F|  |TAMS 0x000000070b600000, 0x000000070b600000| Untracked 
|  18|0x000000070b800000, 0x000000070b800000, 0x000000070ba00000|  0%| F|  |TAMS 0x000000070b800000, 0x000000070b800000| Untracked 
|  19|0x000000070ba00000, 0x000000070ba00000, 0x000000070bc00000|  0%| F|  |TAMS 0x000000070ba00000, 0x000000070ba00000| Untracked 
|  20|0x000000070bc00000, 0x000000070bc00000, 0x000000070be00000|  0%| F|  |TAMS 0x000000070bc00000, 0x000000070bc00000| Untracked 
|  21|0x000000070be00000, 0x000000070be00000, 0x000000070c000000|  0%| F|  |TAMS 0x000000070be00000, 0x000000070be00000| Untracked 
|  22|0x000000070c000000, 0x000000070c000000, 0x000000070c200000|  0%| F|  |TAMS 0x000000070c000000, 0x000000070c000000| Untracked 
|  23|0x000000070c200000, 0x000000070c200000, 0x000000070c400000|  0%| F|  |TAMS 0x000000070c200000, 0x000000070c200000| Untracked 
|  24|0x000000070c400000, 0x000000070c400000, 0x000000070c600000|  0%| F|  |TAMS 0x000000070c400000, 0x000000070c400000| Untracked 
|  25|0x000000070c600000, 0x000000070c600000, 0x000000070c800000|  0%| F|  |TAMS 0x000000070c600000, 0x000000070c600000| Untracked 
|  26|0x000000070c800000, 0x000000070c800000, 0x000000070ca00000|  0%| F|  |TAMS 0x000000070c800000, 0x000000070c800000| Untracked 
|  27|0x000000070ca00000, 0x000000070ca00000, 0x000000070cc00000|  0%| F|  |TAMS 0x000000070ca00000, 0x000000070ca00000| Untracked 
|  28|0x000000070cc00000, 0x000000070cc00000, 0x000000070ce00000|  0%| F|  |TAMS 0x000000070cc00000, 0x000000070cc00000| Untracked 
|  29|0x000000070ce00000, 0x000000070ce00000, 0x000000070d000000|  0%| F|  |TAMS 0x000000070ce00000, 0x000000070ce00000| Untracked 
|  30|0x000000070d000000, 0x000000070d000000, 0x000000070d200000|  0%| F|  |TAMS 0x000000070d000000, 0x000000070d000000| Untracked 
|  31|0x000000070d200000, 0x000000070d200000, 0x000000070d400000|  0%| F|  |TAMS 0x000000070d200000, 0x000000070d200000| Untracked 
|  32|0x000000070d400000, 0x000000070d400000, 0x000000070d600000|  0%| F|  |TAMS 0x000000070d400000, 0x000000070d400000| Untracked 
|  33|0x000000070d600000, 0x000000070d600000, 0x000000070d800000|  0%| F|  |TAMS 0x000000070d600000, 0x000000070d600000| Untracked 
|  34|0x000000070d800000, 0x000000070d800000, 0x000000070da00000|  0%| F|  |TAMS 0x000000070d800000, 0x000000070d800000| Untracked 
|  35|0x000000070da00000, 0x000000070da00000, 0x000000070dc00000|  0%| F|  |TAMS 0x000000070da00000, 0x000000070da00000| Untracked 
|  36|0x000000070dc00000, 0x000000070dc00000, 0x000000070de00000|  0%| F|  |TAMS 0x000000070dc00000, 0x000000070dc00000| Untracked 
|  37|0x000000070de00000, 0x000000070de00000, 0x000000070e000000|  0%| F|  |TAMS 0x000000070de00000, 0x000000070de00000| Untracked 
|  38|0x000000070e000000, 0x000000070e000000, 0x000000070e200000|  0%| F|  |TAMS 0x000000070e000000, 0x000000070e000000| Untracked 
|  39|0x000000070e200000, 0x000000070e200000, 0x000000070e400000|  0%| F|  |TAMS 0x000000070e200000, 0x000000070e200000| Untracked 
|  40|0x000000070e400000, 0x000000070e400000, 0x000000070e600000|  0%| F|  |TAMS 0x000000070e400000, 0x000000070e400000| Untracked 
|  41|0x000000070e600000, 0x000000070e600000, 0x000000070e800000|  0%| F|  |TAMS 0x000000070e600000, 0x000000070e600000| Untracked 
|  42|0x000000070e800000, 0x000000070e800000, 0x000000070ea00000|  0%| F|  |TAMS 0x000000070e800000, 0x000000070e800000| Untracked 
|  43|0x000000070ea00000, 0x000000070ea00000, 0x000000070ec00000|  0%| F|  |TAMS 0x000000070ea00000, 0x000000070ea00000| Untracked 
|  44|0x000000070ec00000, 0x000000070ec00000, 0x000000070ee00000|  0%| F|  |TAMS 0x000000070ec00000, 0x000000070ec00000| Untracked 
|  45|0x000000070ee00000, 0x000000070ee00000, 0x000000070f000000|  0%| F|  |TAMS 0x000000070ee00000, 0x000000070ee00000| Untracked 
|  46|0x000000070f000000, 0x000000070f000000, 0x000000070f200000|  0%| F|  |TAMS 0x000000070f000000, 0x000000070f000000| Untracked 
|  47|0x000000070f200000, 0x000000070f200000, 0x000000070f400000|  0%| F|  |TAMS 0x000000070f200000, 0x000000070f200000| Untracked 
|  48|0x000000070f400000, 0x000000070f400000, 0x000000070f600000|  0%| F|  |TAMS 0x000000070f400000, 0x000000070f400000| Untracked 
|  49|0x000000070f600000, 0x000000070f600000, 0x000000070f800000|  0%| F|  |TAMS 0x000000070f600000, 0x000000070f600000| Untracked 
|  50|0x000000070f800000, 0x000000070f800000, 0x000000070fa00000|  0%| F|  |TAMS 0x000000070f800000, 0x000000070f800000| Untracked 
|  51|0x000000070fa00000, 0x000000070fa00000, 0x000000070fc00000|  0%| F|  |TAMS 0x000000070fa00000, 0x000000070fa00000| Untracked 
|  52|0x000000070fc00000, 0x000000070fc00000, 0x000000070fe00000|  0%| F|  |TAMS 0x000000070fc00000, 0x000000070fc00000| Untracked 
|  53|0x000000070fe00000, 0x000000070fe00000, 0x0000000710000000|  0%| F|  |TAMS 0x000000070fe00000, 0x000000070fe00000| Untracked 
|  54|0x0000000710000000, 0x0000000710000000, 0x0000000710200000|  0%| F|  |TAMS 0x0000000710000000, 0x0000000710000000| Untracked 
|  55|0x0000000710200000, 0x0000000710200000, 0x0000000710400000|  0%| F|  |TAMS 0x0000000710200000, 0x0000000710200000| Untracked 
|  56|0x0000000710400000, 0x0000000710400000, 0x0000000710600000|  0%| F|  |TAMS 0x0000000710400000, 0x0000000710400000| Untracked 
|  57|0x0000000710600000, 0x0000000710600000, 0x0000000710800000|  0%| F|  |TAMS 0x0000000710600000, 0x0000000710600000| Untracked 
|  58|0x0000000710800000, 0x0000000710800000, 0x0000000710a00000|  0%| F|  |TAMS 0x0000000710800000, 0x0000000710800000| Untracked 
|  59|0x0000000710a00000, 0x0000000710a00000, 0x0000000710c00000|  0%| F|  |TAMS 0x0000000710a00000, 0x0000000710a00000| Untracked 
|  60|0x0000000710c00000, 0x0000000710c00000, 0x0000000710e00000|  0%| F|  |TAMS 0x0000000710c00000, 0x0000000710c00000| Untracked 
|  61|0x0000000710e00000, 0x0000000710e00000, 0x0000000711000000|  0%| F|  |TAMS 0x0000000710e00000, 0x0000000710e00000| Untracked 
|  62|0x0000000711000000, 0x0000000711000000, 0x0000000711200000|  0%| F|  |TAMS 0x0000000711000000, 0x0000000711000000| Untracked 
|  63|0x0000000711200000, 0x0000000711200000, 0x0000000711400000|  0%| F|  |TAMS 0x0000000711200000, 0x0000000711200000| Untracked 
|  64|0x0000000711400000, 0x0000000711400000, 0x0000000711600000|  0%| F|  |TAMS 0x0000000711400000, 0x0000000711400000| Untracked 
|  65|0x0000000711600000, 0x0000000711600000, 0x0000000711800000|  0%| F|  |TAMS 0x0000000711600000, 0x0000000711600000| Untracked 
|  66|0x0000000711800000, 0x0000000711800000, 0x0000000711a00000|  0%| F|  |TAMS 0x0000000711800000, 0x0000000711800000| Untracked 
|  67|0x0000000711a00000, 0x0000000711a00000, 0x0000000711c00000|  0%| F|  |TAMS 0x0000000711a00000, 0x0000000711a00000| Untracked 
|  68|0x0000000711c00000, 0x0000000711c00000, 0x0000000711e00000|  0%| F|  |TAMS 0x0000000711c00000, 0x0000000711c00000| Untracked 
|  69|0x0000000711e00000, 0x0000000711e00000, 0x0000000712000000|  0%| F|  |TAMS 0x0000000711e00000, 0x0000000711e00000| Untracked 
|  70|0x0000000712000000, 0x0000000712000000, 0x0000000712200000|  0%| F|  |TAMS 0x0000000712000000, 0x0000000712000000| Untracked 
|  71|0x0000000712200000, 0x0000000712200000, 0x0000000712400000|  0%| F|  |TAMS 0x0000000712200000, 0x0000000712200000| Untracked 
|  72|0x0000000712400000, 0x0000000712400000, 0x0000000712600000|  0%| F|  |TAMS 0x0000000712400000, 0x0000000712400000| Untracked 
|  73|0x0000000712600000, 0x0000000712600000, 0x0000000712800000|  0%| F|  |TAMS 0x0000000712600000, 0x0000000712600000| Untracked 
|  74|0x0000000712800000, 0x0000000712800000, 0x0000000712a00000|  0%| F|  |TAMS 0x0000000712800000, 0x0000000712800000| Untracked 
|  75|0x0000000712a00000, 0x0000000712a00000, 0x0000000712c00000|  0%| F|  |TAMS 0x0000000712a00000, 0x0000000712a00000| Untracked 
|  76|0x0000000712c00000, 0x0000000712c00000, 0x0000000712e00000|  0%| F|  |TAMS 0x0000000712c00000, 0x0000000712c00000| Untracked 
|  77|0x0000000712e00000, 0x0000000712e00000, 0x0000000713000000|  0%| F|  |TAMS 0x0000000712e00000, 0x0000000712e00000| Untracked 
|  78|0x0000000713000000, 0x0000000713000000, 0x0000000713200000|  0%| F|  |TAMS 0x0000000713000000, 0x0000000713000000| Untracked 
|  79|0x0000000713200000, 0x0000000713200000, 0x0000000713400000|  0%| F|  |TAMS 0x0000000713200000, 0x0000000713200000| Untracked 
|  80|0x0000000713400000, 0x0000000713400000, 0x0000000713600000|  0%| F|  |TAMS 0x0000000713400000, 0x0000000713400000| Untracked 
|  81|0x0000000713600000, 0x0000000713600000, 0x0000000713800000|  0%| F|  |TAMS 0x0000000713600000, 0x0000000713600000| Untracked 
|  82|0x0000000713800000, 0x0000000713800000, 0x0000000713a00000|  0%| F|  |TAMS 0x0000000713800000, 0x0000000713800000| Untracked 
|  83|0x0000000713a00000, 0x0000000713a00000, 0x0000000713c00000|  0%| F|  |TAMS 0x0000000713a00000, 0x0000000713a00000| Untracked 
|  84|0x0000000713c00000, 0x0000000713c00000, 0x0000000713e00000|  0%| F|  |TAMS 0x0000000713c00000, 0x0000000713c00000| Untracked 
|  85|0x0000000713e00000, 0x0000000713e00000, 0x0000000714000000|  0%| F|  |TAMS 0x0000000713e00000, 0x0000000713e00000| Untracked 
|  86|0x0000000714000000, 0x0000000714000000, 0x0000000714200000|  0%| F|  |TAMS 0x0000000714000000, 0x0000000714000000| Untracked 
|  87|0x0000000714200000, 0x0000000714200000, 0x0000000714400000|  0%| F|  |TAMS 0x0000000714200000, 0x0000000714200000| Untracked 
|  88|0x0000000714400000, 0x0000000714400000, 0x0000000714600000|  0%| F|  |TAMS 0x0000000714400000, 0x0000000714400000| Untracked 
|  89|0x0000000714600000, 0x0000000714600000, 0x0000000714800000|  0%| F|  |TAMS 0x0000000714600000, 0x0000000714600000| Untracked 
|  90|0x0000000714800000, 0x0000000714800000, 0x0000000714a00000|  0%| F|  |TAMS 0x0000000714800000, 0x0000000714800000| Untracked 
|  91|0x0000000714a00000, 0x0000000714a00000, 0x0000000714c00000|  0%| F|  |TAMS 0x0000000714a00000, 0x0000000714a00000| Untracked 
|  92|0x0000000714c00000, 0x0000000714c00000, 0x0000000714e00000|  0%| F|  |TAMS 0x0000000714c00000, 0x0000000714c00000| Untracked 
|  93|0x0000000714e00000, 0x0000000714e00000, 0x0000000715000000|  0%| F|  |TAMS 0x0000000714e00000, 0x0000000714e00000| Untracked 
|  94|0x0000000715000000, 0x0000000715000000, 0x0000000715200000|  0%| F|  |TAMS 0x0000000715000000, 0x0000000715000000| Untracked 
|  95|0x0000000715200000, 0x0000000715200000, 0x0000000715400000|  0%| F|  |TAMS 0x0000000715200000, 0x0000000715200000| Untracked 
|  96|0x0000000715400000, 0x0000000715400000, 0x0000000715600000|  0%| F|  |TAMS 0x0000000715400000, 0x0000000715400000| Untracked 
|  97|0x0000000715600000, 0x0000000715600000, 0x0000000715800000|  0%| F|  |TAMS 0x0000000715600000, 0x0000000715600000| Untracked 
|  98|0x0000000715800000, 0x0000000715800000, 0x0000000715a00000|  0%| F|  |TAMS 0x0000000715800000, 0x0000000715800000| Untracked 
|  99|0x0000000715a00000, 0x0000000715a00000, 0x0000000715c00000|  0%| F|  |TAMS 0x0000000715a00000, 0x0000000715a00000| Untracked 
| 100|0x0000000715c00000, 0x0000000715c00000, 0x0000000715e00000|  0%| F|  |TAMS 0x0000000715c00000, 0x0000000715c00000| Untracked 
| 101|0x0000000715e00000, 0x0000000715e00000, 0x0000000716000000|  0%| F|  |TAMS 0x0000000715e00000, 0x0000000715e00000| Untracked 
| 102|0x0000000716000000, 0x0000000716000000, 0x0000000716200000|  0%| F|  |TAMS 0x0000000716000000, 0x0000000716000000| Untracked 
| 103|0x0000000716200000, 0x0000000716200000, 0x0000000716400000|  0%| F|  |TAMS 0x0000000716200000, 0x0000000716200000| Untracked 
| 104|0x0000000716400000, 0x0000000716400000, 0x0000000716600000|  0%| F|  |TAMS 0x0000000716400000, 0x0000000716400000| Untracked 
| 105|0x0000000716600000, 0x0000000716600000, 0x0000000716800000|  0%| F|  |TAMS 0x0000000716600000, 0x0000000716600000| Untracked 
| 106|0x0000000716800000, 0x0000000716800000, 0x0000000716a00000|  0%| F|  |TAMS 0x0000000716800000, 0x0000000716800000| Untracked 
| 107|0x0000000716a00000, 0x0000000716a00000, 0x0000000716c00000|  0%| F|  |TAMS 0x0000000716a00000, 0x0000000716a00000| Untracked 
| 108|0x0000000716c00000, 0x0000000716c00000, 0x0000000716e00000|  0%| F|  |TAMS 0x0000000716c00000, 0x0000000716c00000| Untracked 
| 109|0x0000000716e00000, 0x0000000716e00000, 0x0000000717000000|  0%| F|  |TAMS 0x0000000716e00000, 0x0000000716e00000| Untracked 
| 110|0x0000000717000000, 0x0000000717000000, 0x0000000717200000|  0%| F|  |TAMS 0x0000000717000000, 0x0000000717000000| Untracked 
| 111|0x0000000717200000, 0x0000000717200000, 0x0000000717400000|  0%| F|  |TAMS 0x0000000717200000, 0x0000000717200000| Untracked 
| 112|0x0000000717400000, 0x0000000717400000, 0x0000000717600000|  0%| F|  |TAMS 0x0000000717400000, 0x0000000717400000| Untracked 
| 113|0x0000000717600000, 0x0000000717600000, 0x0000000717800000|  0%| F|  |TAMS 0x0000000717600000, 0x0000000717600000| Untracked 
| 114|0x0000000717800000, 0x0000000717a00000, 0x0000000717a00000|100%| E|  |TAMS 0x0000000717800000, 0x0000000717800000| Complete 
| 115|0x0000000717a00000, 0x0000000717c00000, 0x0000000717c00000|100%| E|CS|TAMS 0x0000000717a00000, 0x0000000717a00000| Complete 
| 116|0x0000000717c00000, 0x0000000717e00000, 0x0000000717e00000|100%| E|CS|TAMS 0x0000000717c00000, 0x0000000717c00000| Complete 
| 117|0x0000000717e00000, 0x0000000718000000, 0x0000000718000000|100%| E|CS|TAMS 0x0000000717e00000, 0x0000000717e00000| Complete 
| 118|0x0000000718000000, 0x0000000718200000, 0x0000000718200000|100%| E|CS|TAMS 0x0000000718000000, 0x0000000718000000| Complete 
| 119|0x0000000718200000, 0x0000000718400000, 0x0000000718400000|100%| E|CS|TAMS 0x0000000718200000, 0x0000000718200000| Complete 
| 120|0x0000000718400000, 0x0000000718600000, 0x0000000718600000|100%| E|CS|TAMS 0x0000000718400000, 0x0000000718400000| Complete 
| 121|0x0000000718600000, 0x0000000718800000, 0x0000000718800000|100%| E|CS|TAMS 0x0000000718600000, 0x0000000718600000| Complete 
| 122|0x0000000718800000, 0x0000000718a00000, 0x0000000718a00000|100%| E|CS|TAMS 0x0000000718800000, 0x0000000718800000| Complete 
| 123|0x0000000718a00000, 0x0000000718c00000, 0x0000000718c00000|100%| E|CS|TAMS 0x0000000718a00000, 0x0000000718a00000| Complete 

Card table byte_map: [0x000001e8520c0000,0x000001e852880000] _byte_map_base: 0x000001e84e876000

Marking Bits (Prev, Next): (CMBitMap*) 0x000001e83ef83040, (CMBitMap*) 0x000001e83ef83080
 Prev Bits: [0x000001e853040000, 0x000001e856df0000)
 Next Bits: [0x000001e856df0000, 0x000001e85aba0000)

Polling page: 0x000001e83e6e0000

Metaspace:

Usage:
  Non-class:     12.74 MB used.
      Class:      1.48 MB used.
       Both:     14.22 MB used.

Virtual space:
  Non-class space:       64.00 MB reserved,      12.88 MB ( 20%) committed,  1 nodes.
      Class space:        1.00 GB reserved,       1.56 MB ( <1%) committed,  1 nodes.
             Both:        1.06 GB reserved,      14.44 MB (  1%) committed. 

Chunk freelists:
   Non-Class:  2.48 MB
       Class:  14.45 MB
        Both:  16.94 MB

MaxMetaspaceSize: unlimited
CompressedClassSpaceSize: 1.00 GB
Initial GC threshold: 21.00 MB
Current GC threshold: 21.00 MB
CDS: off
MetaspaceReclaimPolicy: balanced
 - commit_granule_bytes: 65536.
 - commit_granule_words: 8192.
 - virtual_space_node_default_size: 8388608.
 - enlarge_chunks_in_place: 1.
 - new_chunks_are_fully_committed: 0.
 - uncommit_free_chunks: 1.
 - use_allocation_guard: 0.
 - handle_deallocations: 1.


Internal statistics:

num_allocs_failed_limit: 0.
num_arena_births: 82.
num_arena_deaths: 0.
num_vsnodes_births: 2.
num_vsnodes_deaths: 0.
num_space_committed: 231.
num_space_uncommitted: 0.
num_chunks_returned_to_freelist: 0.
num_chunks_taken_from_freelist: 263.
num_chunk_merges: 0.
num_chunk_splits: 178.
num_chunks_enlarged: 134.
num_inconsistent_stats: 0.

CodeHeap 'non-profiled nmethods': size=120000Kb used=278Kb max_used=278Kb free=119721Kb
 bounds [0x000001e84a0a0000, 0x000001e84a310000, 0x000001e8515d0000]
CodeHeap 'profiled nmethods': size=120000Kb used=1698Kb max_used=1698Kb free=118302Kb
 bounds [0x000001e8425d0000, 0x000001e842840000, 0x000001e849b00000]
CodeHeap 'non-nmethods': size=5760Kb used=1134Kb max_used=1155Kb free=4625Kb
 bounds [0x000001e849b00000, 0x000001e849d70000, 0x000001e84a0a0000]
 total_blobs=1356 nmethods=936 adapters=333
 compilation: enabled
              stopped_count=0, restarted_count=0
 full_count=0

Compilation events (20 events):
Event: 0.830 Thread 0x000001e85d6b50f0 nmethod 918 0x000001e84276df90 code [0x000001e84276e140, 0x000001e84276e308]
Event: 0.830 Thread 0x000001e85d6b50f0  921       3       jdk.internal.loader.URLClassPath$JarLoader$2::getCodeSigners (8 bytes)
Event: 0.830 Thread 0x000001e85d6b50f0 nmethod 921 0x000001e84276e410 code [0x000001e84276e5c0, 0x000001e84276e7a8]
Event: 0.830 Thread 0x000001e85d6b50f0  922   !   3       java.util.jar.JarFile$JarFileEntry::getCodeSigners (81 bytes)
Event: 0.830 Thread 0x000001e85d6b50f0 nmethod 922 0x000001e84276e890 code [0x000001e84276eaa0, 0x000001e84276f0a8]
Event: 0.831 Thread 0x000001e85d6b50f0  923       3       java.util.zip.ZipFile::getZipEntry (322 bytes)
Event: 0.833 Thread 0x000001e85d6b50f0 nmethod 923 0x000001e84276f290 code [0x000001e84276f700, 0x000001e842771e38]
Event: 0.833 Thread 0x000001e85d6b50f0  928   !   3       jdk.internal.loader.URLClassPath$JarLoader::checkResource (78 bytes)
Event: 0.834 Thread 0x000001e85d6b50f0 nmethod 928 0x000001e842772c90 code [0x000001e842772ee0, 0x000001e842773928]
Event: 0.834 Thread 0x000001e85d6b50f0  924       3       java.util.zip.ZipUtils::CENTIM (9 bytes)
Event: 0.834 Thread 0x000001e85d6b50f0 nmethod 924 0x000001e842773d90 code [0x000001e842773f40, 0x000001e842774218]
Event: 0.834 Thread 0x000001e85d6b50f0  925       3       java.util.zip.ZipUtils::CENCRC (9 bytes)
Event: 0.834 Thread 0x000001e85d6b50f0 nmethod 925 0x000001e842774390 code [0x000001e842774540, 0x000001e842774818]
Event: 0.834 Thread 0x000001e85d6b50f0  926       3       java.util.zip.ZipUtils::CENVEM_FA (8 bytes)
Event: 0.834 Thread 0x000001e85d6b50f0 nmethod 926 0x000001e842774990 code [0x000001e842774b20, 0x000001e842774c98]
Event: 0.834 Thread 0x000001e85d6b50f0  927       3       java.util.zip.ZipUtils::CH (8 bytes)
Event: 0.834 Thread 0x000001e85d6b50f0 nmethod 927 0x000001e842774d90 code [0x000001e842774f20, 0x000001e842775038]
Event: 0.834 Thread 0x000001e85d6b50f0  929       3       jdk.internal.loader.URLClassPath$JarLoader$2::<init> (31 bytes)
Event: 0.835 Thread 0x000001e85d6b50f0 nmethod 929 0x000001e842775110 code [0x000001e8427752c0, 0x000001e842775658]
Event: 0.841 Thread 0x000001e85d6a8130  930   !   4       java.util.concurrent.ConcurrentHashMap::putVal (432 bytes)

GC Heap History (0 events):
No events

Dll operation events (6 events):
Event: 0.009 Loaded shared library C:\Users\Dmeli\.p2\pool\plugins\org.eclipse.justj.openjdk.hotspot.jre.full.win32.x86_64_17.0.7.v20230425-1502\jre\bin\java.dll
Event: 0.151 Loaded shared library C:\Users\Dmeli\.p2\pool\plugins\org.eclipse.justj.openjdk.hotspot.jre.full.win32.x86_64_17.0.7.v20230425-1502\jre\bin\net.dll
Event: 0.154 Loaded shared library C:\Users\Dmeli\.p2\pool\plugins\org.eclipse.justj.openjdk.hotspot.jre.full.win32.x86_64_17.0.7.v20230425-1502\jre\bin\nio.dll
Event: 0.164 Loaded shared library C:\Users\Dmeli\.p2\pool\plugins\org.eclipse.justj.openjdk.hotspot.jre.full.win32.x86_64_17.0.7.v20230425-1502\jre\bin\zip.dll
Event: 0.231 Loaded shared library C:\Users\Dmeli\.p2\pool\plugins\org.eclipse.justj.openjdk.hotspot.jre.full.win32.x86_64_17.0.7.v20230425-1502\jre\bin\jimage.dll
Event: 0.496 Loaded shared library C:\Users\Dmeli\.p2\pool\plugins\org.eclipse.justj.openjdk.hotspot.jre.full.win32.x86_64_17.0.7.v20230425-1502\jre\bin\verify.dll

Deoptimization events (20 events):
Event: 0.170 Thread 0x000001e83ef18610 DEOPT PACKING pc=0x000001e84a0a3f8c sp=0x00000013940fa010
Event: 0.170 Thread 0x000001e83ef18610 DEOPT UNPACKING pc=0x000001e849b569a3 sp=0x00000013940f9f80 mode 2
Event: 0.313 Thread 0x000001e83ef18610 DEOPT PACKING pc=0x000001e8425f48e8 sp=0x00000013940f9c10
Event: 0.313 Thread 0x000001e83ef18610 DEOPT UNPACKING pc=0x000001e849b57143 sp=0x00000013940f90a0 mode 0
Event: 0.316 Thread 0x000001e83ef18610 DEOPT PACKING pc=0x000001e8425e6a67 sp=0x00000013940fe120
Event: 0.316 Thread 0x000001e83ef18610 DEOPT UNPACKING pc=0x000001e849b57143 sp=0x00000013940fd540 mode 0
Event: 0.330 Thread 0x000001e83ef18610 DEOPT PACKING pc=0x000001e8425d7151 sp=0x00000013940fa990
Event: 0.330 Thread 0x000001e83ef18610 DEOPT UNPACKING pc=0x000001e849b57143 sp=0x00000013940f9e08 mode 0
Event: 0.331 Thread 0x000001e83ef18610 DEOPT PACKING pc=0x000001e8425f72d6 sp=0x00000013940fa7a0
Event: 0.331 Thread 0x000001e83ef18610 DEOPT UNPACKING pc=0x000001e849b57143 sp=0x00000013940f9c40 mode 0
Event: 0.498 Thread 0x000001e83ef18610 DEOPT PACKING pc=0x000001e842600865 sp=0x00000013940f8b20
Event: 0.498 Thread 0x000001e83ef18610 DEOPT UNPACKING pc=0x000001e849b57143 sp=0x00000013940f7f70 mode 0
Event: 0.506 Thread 0x000001e83ef18610 DEOPT PACKING pc=0x000001e842600865 sp=0x00000013940fc880
Event: 0.506 Thread 0x000001e83ef18610 DEOPT UNPACKING pc=0x000001e849b57143 sp=0x00000013940fbcd0 mode 0
Event: 0.687 Thread 0x000001e83ef18610 DEOPT PACKING pc=0x000001e842644b48 sp=0x00000013940f9b20
Event: 0.687 Thread 0x000001e83ef18610 DEOPT UNPACKING pc=0x000001e849b57143 sp=0x00000013940f9038 mode 0
Event: 0.774 Thread 0x000001e83ef18610 Uncommon trap: trap_request=0xffffff45 fr.pc=0x000001e84a0beba0 relative=0x0000000000000280
Event: 0.775 Thread 0x000001e83ef18610 Uncommon trap: reason=unstable_if action=reinterpret pc=0x000001e84a0beba0 method=java.lang.String.startsWith(Ljava/lang/String;I)Z @ 14 c2
Event: 0.775 Thread 0x000001e83ef18610 DEOPT PACKING pc=0x000001e84a0beba0 sp=0x00000013940fe780
Event: 0.775 Thread 0x000001e83ef18610 DEOPT UNPACKING pc=0x000001e849b569a3 sp=0x00000013940fe6e0 mode 2

Classes unloaded (0 events):
No events

Classes redefined (0 events):
No events

Internal exceptions (5 events):
Event: 0.290 Thread 0x000001e83ef18610 Exception <a 'java/lang/NoSuchMethodError'{0x00000007186afcc0}: 'java.lang.Object java.lang.invoke.DirectMethodHandle$Holder.invokeStatic(java.lang.Object, java.lang.Object, int)'> (0x00000007186afcc0) 
thrown [s\src\hotspot\share\interpreter\linkResolver.cpp, line 759]
Event: 0.292 Thread 0x000001e83ef18610 Exception <a 'java/lang/NoSuchMethodError'{0x00000007186bbb78}: 'void java.lang.invoke.DelegatingMethodHandle$Holder.delegate(java.lang.Object, java.lang.Object, int, java.lang.Object)'> (0x00000007186bbb78) 
thrown [s\src\hotspot\share\interpreter\linkResolver.cpp, line 759]
Event: 0.292 Thread 0x000001e83ef18610 Exception <a 'java/lang/NoSuchMethodError'{0x00000007186bfdb8}: 'int java.lang.invoke.DirectMethodHandle$Holder.invokeSpecial(java.lang.Object, java.lang.Object, java.lang.Object)'> (0x00000007186bfdb8) 
thrown [s\src\hotspot\share\interpreter\linkResolver.cpp, line 759]
Event: 0.435 Thread 0x000001e83ef18610 Exception <a 'java/lang/NoSuchMethodError'{0x00000007185a1da8}: 'java.lang.Object java.lang.invoke.DirectMethodHandle$Holder.invokeStatic(java.lang.Object, int, java.lang.Object)'> (0x00000007185a1da8) 
thrown [s\src\hotspot\share\interpreter\linkResolver.cpp, line 759]
Event: 0.837 Thread 0x000001e83ef18610 Exception <a 'java/lang/NullPointerException'{0x00000007178fc820}> (0x00000007178fc820) 
thrown [s\src\hotspot\share\interpreter\linkResolver.cpp, line 1433]

VM Operations (6 events):
Event: 0.167 Executing VM operation: HandshakeAllThreads
Event: 0.167 Executing VM operation: HandshakeAllThreads done
Event: 0.722 Executing VM operation: HandshakeAllThreads
Event: 0.722 Executing VM operation: HandshakeAllThreads done
Event: 0.779 Executing VM operation: HandshakeAllThreads
Event: 0.779 Executing VM operation: HandshakeAllThreads done

Events (20 events):
Event: 0.789 loading class com/sun/xml/internal/stream/events/XMLEventFactoryImpl
Event: 0.789 loading class com/sun/xml/internal/stream/events/XMLEventFactoryImpl done
Event: 0.795 loading class sun/security/util/ManifestEntryVerifier
Event: 0.796 loading class sun/security/util/ManifestEntryVerifier done
Event: 0.802 loading class java/lang/IllegalAccessError
Event: 0.802 loading class java/lang/IllegalAccessError done
Event: 0.814 loading class javax/xml/transform/TransformerConfigurationException
Event: 0.814 loading class javax/xml/transform/TransformerException
Event: 0.814 loading class javax/xml/transform/TransformerException done
Event: 0.814 loading class javax/xml/transform/TransformerConfigurationException done
Event: 0.815 loading class org/xml/sax/ErrorHandler
Event: 0.815 loading class org/xml/sax/ErrorHandler done
Event: 0.815 loading class org/xml/sax/SAXParseException
Event: 0.815 loading class org/xml/sax/SAXParseException done
Event: 0.819 loading class javax/xml/parsers/ParserConfigurationException
Event: 0.819 loading class javax/xml/parsers/ParserConfigurationException done
Event: 0.819 loading class javax/xml/parsers/FactoryConfigurationError
Event: 0.819 loading class javax/xml/parsers/FactoryConfigurationError done
Event: 0.841 loading class java/lang/NoSuchFieldError
Event: 0.841 loading class java/lang/NoSuchFieldError done


Dynamic libraries:
0x00007ff7b8900000 - 0x00007ff7b890e000 	C:\Users\Dmeli\.p2\pool\plugins\org.eclipse.justj.openjdk.hotspot.jre.full.win32.x86_64_17.0.7.v20230425-1502\jre\bin\javaw.exe
0x00007ffef3db0000 - 0x00007ffef3fc4000 	C:\WINDOWS\SYSTEM32\ntdll.dll
0x00007ffef1bc0000 - 0x00007ffef1c82000 	C:\WINDOWS\System32\KERNEL32.DLL
0x00007ffef12c0000 - 0x00007ffef1663000 	C:\WINDOWS\System32\KERNELBASE.dll
0x00007ffef1790000 - 0x00007ffef18a1000 	C:\WINDOWS\System32\ucrtbase.dll
0x00007ffed55e0000 - 0x00007ffed55f7000 	C:\Users\Dmeli\.p2\pool\plugins\org.eclipse.justj.openjdk.hotspot.jre.full.win32.x86_64_17.0.7.v20230425-1502\jre\bin\jli.dll
0x00007ffed55c0000 - 0x00007ffed55d9000 	C:\Users\Dmeli\.p2\pool\plugins\org.eclipse.justj.openjdk.hotspot.jre.full.win32.x86_64_17.0.7.v20230425-1502\jre\bin\VCRUNTIME140.dll
0x00007ffef2190000 - 0x00007ffef233b000 	C:\WINDOWS\System32\USER32.dll
0x00007ffef1970000 - 0x00007ffef1996000 	C:\WINDOWS\System32\win32u.dll
0x00007ffef1b90000 - 0x00007ffef1bb9000 	C:\WINDOWS\System32\GDI32.dll
0x00007ffeddf90000 - 0x00007ffede21e000 	C:\WINDOWS\WinSxS\amd64_microsoft.windows.common-controls_6595b64144ccf1df_6.0.22621.1635_none_270f70857386168e\COMCTL32.dll
0x00007ffef1670000 - 0x00007ffef1789000 	C:\WINDOWS\System32\gdi32full.dll
0x00007ffef3cc0000 - 0x00007ffef3d67000 	C:\WINDOWS\System32\msvcrt.dll
0x00007ffef1220000 - 0x00007ffef12ba000 	C:\WINDOWS\System32\msvcp_win.dll
0x00007ffef3c80000 - 0x00007ffef3cb1000 	C:\WINDOWS\System32\IMM32.DLL
0x00007ffed9080000 - 0x00007ffed908c000 	C:\Users\Dmeli\.p2\pool\plugins\org.eclipse.justj.openjdk.hotspot.jre.full.win32.x86_64_17.0.7.v20230425-1502\jre\bin\vcruntime140_1.dll
0x00007ffec94f0000 - 0x00007ffec9581000 	C:\Users\Dmeli\.p2\pool\plugins\org.eclipse.justj.openjdk.hotspot.jre.full.win32.x86_64_17.0.7.v20230425-1502\jre\bin\msvcp140.dll
0x00007ffe9cad0000 - 0x00007ffe9d718000 	C:\Users\Dmeli\.p2\pool\plugins\org.eclipse.justj.openjdk.hotspot.jre.full.win32.x86_64_17.0.7.v20230425-1502\jre\bin\server\jvm.dll
0x00007ffef3950000 - 0x00007ffef39fe000 	C:\WINDOWS\System32\ADVAPI32.dll
0x00007ffef3aa0000 - 0x00007ffef3b44000 	C:\WINDOWS\System32\sechost.dll
0x00007ffef2070000 - 0x00007ffef2187000 	C:\WINDOWS\System32\RPCRT4.dll
0x00007ffee8f00000 - 0x00007ffee8f34000 	C:\WINDOWS\SYSTEM32\WINMM.dll
0x00007ffeedf10000 - 0x00007ffeedf19000 	C:\WINDOWS\SYSTEM32\WSOCK32.dll
0x00007ffee6960000 - 0x00007ffee696a000 	C:\WINDOWS\SYSTEM32\VERSION.dll
0x00007ffef38b0000 - 0x00007ffef3921000 	C:\WINDOWS\System32\WS2_32.dll
0x00007ffef0170000 - 0x00007ffef0188000 	C:\WINDOWS\SYSTEM32\kernel.appcore.dll
0x00007ffeec260000 - 0x00007ffeec26a000 	C:\Users\Dmeli\.p2\pool\plugins\org.eclipse.justj.openjdk.hotspot.jre.full.win32.x86_64_17.0.7.v20230425-1502\jre\bin\jimage.dll
0x00007ffeeeb40000 - 0x00007ffeeed6e000 	C:\WINDOWS\SYSTEM32\DBGHELP.DLL
0x00007ffef1c90000 - 0x00007ffef2019000 	C:\WINDOWS\System32\combase.dll
0x00007ffef37d0000 - 0x00007ffef38a7000 	C:\WINDOWS\System32\OLEAUT32.dll
0x00007ffedb3d0000 - 0x00007ffedb402000 	C:\WINDOWS\SYSTEM32\dbgcore.DLL
0x00007ffef1b10000 - 0x00007ffef1b8b000 	C:\WINDOWS\System32\bcryptPrimitives.dll
0x00007ffee0b30000 - 0x00007ffee0b55000 	C:\Users\Dmeli\.p2\pool\plugins\org.eclipse.justj.openjdk.hotspot.jre.full.win32.x86_64_17.0.7.v20230425-1502\jre\bin\java.dll
0x00007ffedd9d0000 - 0x00007ffedd9e8000 	C:\Users\Dmeli\.p2\pool\plugins\org.eclipse.justj.openjdk.hotspot.jre.full.win32.x86_64_17.0.7.v20230425-1502\jre\bin\zip.dll
0x00007ffef2f40000 - 0x00007ffef373a000 	C:\WINDOWS\System32\SHELL32.dll
0x00007ffeef160000 - 0x00007ffeefa2e000 	C:\WINDOWS\SYSTEM32\windows.storage.dll
0x00007ffeef020000 - 0x00007ffeef15e000 	C:\WINDOWS\SYSTEM32\wintypes.dll
0x00007ffef24e0000 - 0x00007ffef25d1000 	C:\WINDOWS\System32\SHCORE.dll
0x00007ffef3a30000 - 0x00007ffef3a8e000 	C:\WINDOWS\System32\shlwapi.dll
0x00007ffef10e0000 - 0x00007ffef1101000 	C:\WINDOWS\SYSTEM32\profapi.dll
0x00007ffedd9b0000 - 0x00007ffedd9c9000 	C:\Users\Dmeli\.p2\pool\plugins\org.eclipse.justj.openjdk.hotspot.jre.full.win32.x86_64_17.0.7.v20230425-1502\jre\bin\net.dll
0x00007ffeeaed0000 - 0x00007ffeeb007000 	C:\WINDOWS\SYSTEM32\WINHTTP.dll
0x00007ffef0620000 - 0x00007ffef0689000 	C:\WINDOWS\system32\mswsock.dll
0x00007ffedd990000 - 0x00007ffedd9a5000 	C:\Users\Dmeli\.p2\pool\plugins\org.eclipse.justj.openjdk.hotspot.jre.full.win32.x86_64_17.0.7.v20230425-1502\jre\bin\nio.dll
0x00007ffedf400000 - 0x00007ffedf410000 	C:\Users\Dmeli\.p2\pool\plugins\org.eclipse.justj.openjdk.hotspot.jre.full.win32.x86_64_17.0.7.v20230425-1502\jre\bin\verify.dll

dbghelp: loaded successfully - version: 4.0.5 - missing functions: none
symbol engine: initialized successfully - sym options: 0x614 - pdb path: .;C:\Users\Dmeli\.p2\pool\plugins\org.eclipse.justj.openjdk.hotspot.jre.full.win32.x86_64_17.0.7.v20230425-1502\jre\bin;C:\WINDOWS\SYSTEM32;C:\WINDOWS\WinSxS\amd64_microsoft.windows.common-controls_6595b64144ccf1df_6.0.22621.1635_none_270f70857386168e;C:\Users\Dmeli\.p2\pool\plugins\org.eclipse.justj.openjdk.hotspot.jre.full.win32.x86_64_17.0.7.v20230425-1502\jre\bin\server

VM Arguments:
jvm_args: -Dfile.encoding=UTF-8 -XX:+ShowCodeDetailsInExceptionMessages 
java_command: com.ssn.practica.work.hibernate.HibernateDemo
java_class_path (initial): D:\Library\New folder\Practica\PracticaSSI\bin;D:\Library\New folder\Practica\PracticaSSI\lib\ojdbc8.jar;D:\Library\New folder\Practica\PracticaSSI\lib\Hibernate\antlr-2.7.7.jar;D:\Library\New folder\Practica\PracticaSSI\lib\Hibernate\byte-buddy-1.12.7.jar;D:\Library\New folder\Practica\PracticaSSI\lib\Hibernate\classmate-1.5.1.jar;D:\Library\New folder\Practica\PracticaSSI\lib\Hibernate\FastInfoset-1.2.15.jar;D:\Library\New folder\Practica\PracticaSSI\lib\Hibernate\hibernate-commons-annotations-5.1.2.Final.jar;D:\Library\New folder\Practica\PracticaSSI\lib\Hibernate\hibernate-core-5.6.5.Final.jar;D:\Library\New folder\Practica\PracticaSSI\lib\Hibernate\istack-commons-runtime-3.0.7.jar;D:\Library\New folder\Practica\PracticaSSI\lib\Hibernate\jandex-2.4.2.Final.jar;D:\Library\New folder\Practica\PracticaSSI\lib\Hibernate\javax.activation-api-1.2.0.jar;D:\Library\New folder\Practica\PracticaSSI\lib\Hibernate\javax.persistence-api-2.2.jar;D:\Library\New folder\Practica\PracticaSSI\lib\Hibernate\jaxb-api-2.3.1.jar;D:\Library\New folder\Practica\PracticaSSI\lib\Hibernate\txw2-2.3.1.jar;D:\Library\New folder\Practica\PracticaSSI\lib\Hibernate\stax-ex-1.8.jar;D:\Library\New folder\Practica\PracticaSSI\lib\Hibernate\jaxb-runtime-2.3.1.jar;D:\Library\New folder\Practica\PracticaSSI\lib\Hibernate\jboss-logging-3.4.3.Final.jar;D:\Library\New folder\Practica\PracticaSSI\lib\Hibernate\jboss-transaction-api_1.2_spec-1.1.1.Final.jar
Launcher Type: SUN_STANDARD

[Global flags]
     intx CICompilerCount                          = 4                                         {product} {ergonomic}
     uint ConcGCThreads                            = 2                                         {product} {ergonomic}
     uint G1ConcRefinementThreads                  = 8                                         {product} {ergonomic}
   size_t G1HeapRegionSize                         = 2097152                                   {product} {ergonomic}
    uintx GCDrainStackTargetSize                   = 64                                        {product} {ergonomic}
   size_t InitialHeapSize                          = 260046848                                 {product} {ergonomic}
   size_t MarkStackSize                            = 4194304                                   {product} {ergonomic}
   size_t MaxHeapSize                              = 4139778048                                {product} {ergonomic}
   size_t MaxNewSize                               = 2483027968                                {product} {ergonomic}
   size_t MinHeapDeltaBytes                        = 2097152                                   {product} {ergonomic}
   size_t MinHeapSize                              = 8388608                                   {product} {ergonomic}
    uintx NonNMethodCodeHeapSize                   = 5839372                                {pd product} {ergonomic}
    uintx NonProfiledCodeHeapSize                  = 122909434                              {pd product} {ergonomic}
    uintx ProfiledCodeHeapSize                     = 122909434                              {pd product} {ergonomic}
    uintx ReservedCodeCacheSize                    = 251658240                              {pd product} {ergonomic}
     bool SegmentedCodeCache                       = true                                      {product} {ergonomic}
     bool ShowCodeDetailsInExceptionMessages       = true                                   {manageable} {command line}
   size_t SoftMaxHeapSize                          = 4139778048                             {manageable} {ergonomic}
     bool UseCompressedClassPointers               = true                           {product lp64_product} {ergonomic}
     bool UseCompressedOops                        = true                           {product lp64_product} {ergonomic}
     bool UseG1GC                                  = true                                      {product} {ergonomic}
     bool UseLargePagesIndividualAllocation        = false                                  {pd product} {ergonomic}

Logging:
Log output configuration:
 #0: stdout all=warning uptime,level,tags
 #1: stderr all=off uptime,level,tags

Environment Variables:
PATH=C:/Users/Dmeli/.p2/pool/plugins/org.eclipse.justj.openjdk.hotspot.jre.full.win32.x86_64_17.0.7.v20230425-1502/jre/bin/server;C:/Users/Dmeli/.p2/pool/plugins/org.eclipse.justj.openjdk.hotspot.jre.full.win32.x86_64_17.0.7.v20230425-1502/jre/bin;D:\Soft\OracleDBExpress21\dbhomeXE\bin;C:\Program Files\Microsoft\jdk-11.0.16.101-hotspot\bin;C:\WINDOWS\system32;C:\WINDOWS;C:\WINDOWS\System32\Wbem;C:\WINDOWS\System32\WindowsPowerShell\v1.0\;C:\WINDOWS\System32\OpenSSH\;C:\Program Files\dotnet\;C:\Program Files\Git\cmd;C:\Program Files\MySQL\MySQL Shell 8.0\bin\;C:\Users\Dmeli\AppData\Local\Microsoft\WindowsApps;D:\Soft\Microsoft VS Code\bin;C:\Users\Dmeli\.dotnet\tools;C:\Users\Dmeli\AppData\Local\JetBrains\Toolbox\scripts;;C:\WINDOWS\System32;
USERNAME=Dmeli
OS=Windows_NT
PROCESSOR_IDENTIFIER=AMD64 Family 23 Model 96 Stepping 1, AuthenticAMD
TMP=C:\Users\Dmeli\AppData\Local\Temp
TEMP=C:\Users\Dmeli\AppData\Local\Temp



---------------  S Y S T E M  ---------------

OS:
 Windows 11 , 64 bit Build 22621 (10.0.22621.1778)
OS uptime: 2 days 2:10 hours
Hyper-V role detected

CPU: total 8 (initial active 8) (8 cores per cpu, 1 threads per core) family 23 model 96 stepping 1 microcode 0x0, cx8, cmov, fxsr, mmx, 3dnowpref, sse, sse2, sse3, ssse3, sse4a, sse4.1, sse4.2, popcnt, lzcnt, tsc, tscinvbit, avx, avx2, aes, clmul, bmi1, bmi2, adx, sha, fma, vzeroupper, clflush, clflushopt, hv

Memory: 4k page, system-wide physical 15791M (1577M free)
TotalPageFile size 19887M (AvailPageFile size 3M)
current process WorkingSet (physical memory assigned to process): 75M, peak: 75M
current process commit charge ("private bytes"): 349M, peak: 349M

vm_info: OpenJDK 64-Bit Server VM (17.0.7+7) for windows-amd64 JRE (17.0.7+7), built on Apr 18 2023 22:10:42 by "temurin" with MS VC++ 16.7 (VS2019)

END.
